2020-10-02 22:34:51.155  INFO 4344 --- [main] f.s.SpringbootHelloworldApplicationTests : Starting SpringbootHelloworldApplicationTests on Miracle with PID 4344 (started by Administrator in D:\developerWorkSpace\ideawork\springboot-helloworld)
2020-10-02 22:34:51.156 DEBUG 4344 --- [main] f.s.SpringbootHelloworldApplicationTests : Running with Spring Boot v2.3.4.RELEASE, Spring v5.2.9.RELEASE
2020-10-02 22:34:51.156  INFO 4344 --- [main] f.s.SpringbootHelloworldApplicationTests : No active profile set, falling back to default profiles: default
2020-10-02 22:34:52.490  INFO 4344 --- [main] o.s.s.concurrent.ThreadPoolTaskExecutor  : Initializing ExecutorService 'applicationTaskExecutor'
2020-10-02 22:34:52.698  INFO 4344 --- [main] f.s.SpringbootHelloworldApplicationTests : Started SpringbootHelloworldApplicationTests in 1.832 seconds (JVM running for 2.67)
2020-10-02 22:34:52.848 TRACE 4344 --- [main] f.s.SpringbootHelloworldApplicationTests : 这是trace日志...
2020-10-02 22:34:52.848 DEBUG 4344 --- [main] f.s.SpringbootHelloworldApplicationTests : 这是debug日志...
2020-10-02 22:34:52.848  INFO 4344 --- [main] f.s.SpringbootHelloworldApplicationTests : 这是info日志...
2020-10-02 22:34:52.849  WARN 4344 --- [main] f.s.SpringbootHelloworldApplicationTests : 这是warn日志...
2020-10-02 22:34:52.849 ERROR 4344 --- [main] f.s.SpringbootHelloworldApplicationTests : 这是error日志...
2020-10-02 22:34:52.865  INFO 4344 --- [SpringContextShutdownHook] o.s.s.concurrent.ThreadPoolTaskExecutor  : Shutting down ExecutorService 'applicationTaskExecutor'
2020-10-02 22:46:27.712  INFO 11708 --- [main] f.s.SpringbootHelloworldApplicationTests : Starting SpringbootHelloworldApplicationTests on Miracle with PID 11708 (started by Administrator in D:\developerWorkSpace\ideawork\springboot-helloworld)
2020-10-02 22:46:27.712 DEBUG 11708 --- [main] f.s.SpringbootHelloworldApplicationTests : Running with Spring Boot v2.3.4.RELEASE, Spring v5.2.9.RELEASE
2020-10-02 22:46:27.713  INFO 11708 --- [main] f.s.SpringbootHelloworldApplicationTests : No active profile set, falling back to default profiles: default
2020-10-02 22:46:29.040  INFO 11708 --- [main] o.s.s.concurrent.ThreadPoolTaskExecutor  : Initializing ExecutorService 'applicationTaskExecutor'
2020-10-02 22:46:29.245  INFO 11708 --- [main] f.s.SpringbootHelloworldApplicationTests : Started SpringbootHelloworldApplicationTests in 1.808 seconds (JVM running for 2.646)
2020-10-02 22:46:29.400 TRACE 11708 --- [main] f.s.SpringbootHelloworldApplicationTests : 这是trace日志...
2020-10-02 22:46:29.400 DEBUG 11708 --- [main] f.s.SpringbootHelloworldApplicationTests : 这是debug日志...
2020-10-02 22:46:29.400  INFO 11708 --- [main] f.s.SpringbootHelloworldApplicationTests : 这是info日志...
2020-10-02 22:46:29.401  WARN 11708 --- [main] f.s.SpringbootHelloworldApplicationTests : 这是warn日志...
2020-10-02 22:46:29.401 ERROR 11708 --- [main] f.s.SpringbootHelloworldApplicationTests : 这是error日志...
2020-10-02 22:46:29.413  INFO 11708 --- [SpringContextShutdownHook] o.s.s.concurrent.ThreadPoolTaskExecutor  : Shutting down ExecutorService 'applicationTaskExecutor'
